[0.938s] Invoking command in '/home/rjleslie/pyrobosim_ws/src/trafficsim': PYTHONPATH=/home/rjleslie/pyrobosim_ws/src/trafficsim/build/trafficsim/prefix_override:/usr/lib/python3/dist-packages/colcon_core/task/python/colcon_distutils_commands:/home/rjleslie/pyrobosim_ws/src/trafficsim/install/trafficsim/lib/python3.12/site-packages:${PYTHONPATH} /usr/bin/python3 -W ignore:setup.py install is deprecated setup.py egg_info --egg-base build/trafficsim build --build-base /home/rjleslie/pyrobosim_ws/src/trafficsim/build/trafficsim/build install --record /home/rjleslie/pyrobosim_ws/src/trafficsim/build/trafficsim/install.log --single-version-externally-managed install_data
[1.245s] running egg_info
[1.270s] writing build/trafficsim/trafficsim.egg-info/PKG-INFO
[1.271s] writing dependency_links to build/trafficsim/trafficsim.egg-info/dependency_links.txt
[1.272s] writing entry points to build/trafficsim/trafficsim.egg-info/entry_points.txt
[1.272s] writing requirements to build/trafficsim/trafficsim.egg-info/requires.txt
[1.272s] writing top-level names to build/trafficsim/trafficsim.egg-info/top_level.txt
[1.317s] reading manifest file 'build/trafficsim/trafficsim.egg-info/SOURCES.txt'
[1.317s] adding license file 'LICENSE'
[1.318s] writing manifest file 'build/trafficsim/trafficsim.egg-info/SOURCES.txt'
[1.318s] running build
[1.318s] running build_py
[1.318s] running install
[1.325s] running install_lib
[1.345s] running install_data
[1.345s] running install_egg_info
[1.373s] removing '/home/rjleslie/pyrobosim_ws/src/trafficsim/install/trafficsim/lib/python3.12/site-packages/trafficsim-0.0.0-py3.12.egg-info' (and everything under it)
[1.373s] Copying build/trafficsim/trafficsim.egg-info to /home/rjleslie/pyrobosim_ws/src/trafficsim/install/trafficsim/lib/python3.12/site-packages/trafficsim-0.0.0-py3.12.egg-info
[1.374s] running install_scripts
[1.530s] Installing traffic script to /home/rjleslie/pyrobosim_ws/src/trafficsim/install/trafficsim/lib/trafficsim
[1.530s] writing list of installed files to '/home/rjleslie/pyrobosim_ws/src/trafficsim/build/trafficsim/install.log'
[1.568s] Invoked command in '/home/rjleslie/pyrobosim_ws/src/trafficsim' returned '0': PYTHONPATH=/home/rjleslie/pyrobosim_ws/src/trafficsim/build/trafficsim/prefix_override:/usr/lib/python3/dist-packages/colcon_core/task/python/colcon_distutils_commands:/home/rjleslie/pyrobosim_ws/src/trafficsim/install/trafficsim/lib/python3.12/site-packages:${PYTHONPATH} /usr/bin/python3 -W ignore:setup.py install is deprecated setup.py egg_info --egg-base build/trafficsim build --build-base /home/rjleslie/pyrobosim_ws/src/trafficsim/build/trafficsim/build install --record /home/rjleslie/pyrobosim_ws/src/trafficsim/build/trafficsim/install.log --single-version-externally-managed install_data
