[0.625s] Invoking command in '/home/rjleslie/pyrobosim_ws/src/trafficsim': PYTHONPATH=/home/rjleslie/pyrobosim_ws/src/trafficsim/build/trafficsim/prefix_override:/usr/lib/python3/dist-packages/colcon_core/task/python/colcon_distutils_commands:/home/rjleslie/pyrobosim_ws/src/trafficsim/install/trafficsim/lib/python3.12/site-packages:${PYTHONPATH} /usr/bin/python3 -W ignore:setup.py install is deprecated setup.py egg_info --egg-base build/trafficsim build --build-base /home/rjleslie/pyrobosim_ws/src/trafficsim/build/trafficsim/build install --record /home/rjleslie/pyrobosim_ws/src/trafficsim/build/trafficsim/install.log --single-version-externally-managed install_data
[0.830s] running egg_info
[0.846s] writing build/trafficsim/trafficsim.egg-info/PKG-INFO
[0.847s] writing dependency_links to build/trafficsim/trafficsim.egg-info/dependency_links.txt
[0.847s] writing entry points to build/trafficsim/trafficsim.egg-info/entry_points.txt
[0.848s] writing requirements to build/trafficsim/trafficsim.egg-info/requires.txt
[0.848s] writing top-level names to build/trafficsim/trafficsim.egg-info/top_level.txt
[0.875s] reading manifest file 'build/trafficsim/trafficsim.egg-info/SOURCES.txt'
[0.875s] adding license file 'LICENSE'
[0.876s] writing manifest file 'build/trafficsim/trafficsim.egg-info/SOURCES.txt'
[0.876s] running build
[0.876s] running build_py
[0.876s] copying trafficsim/prs_worldinit.py -> /home/rjleslie/pyrobosim_ws/src/trafficsim/build/trafficsim/build/lib/trafficsim
[0.876s] running install
[0.881s] running install_lib
[0.895s] copying /home/rjleslie/pyrobosim_ws/src/trafficsim/build/trafficsim/build/lib/trafficsim/prs_worldinit.py -> /home/rjleslie/pyrobosim_ws/src/trafficsim/install/trafficsim/lib/python3.12/site-packages/trafficsim
[0.895s] byte-compiling /home/rjleslie/pyrobosim_ws/src/trafficsim/install/trafficsim/lib/python3.12/site-packages/trafficsim/prs_worldinit.py to prs_worldinit.cpython-312.pyc
[0.896s] running install_data
[0.896s] running install_egg_info
[0.910s] removing '/home/rjleslie/pyrobosim_ws/src/trafficsim/install/trafficsim/lib/python3.12/site-packages/trafficsim-0.0.0-py3.12.egg-info' (and everything under it)
[0.910s] Copying build/trafficsim/trafficsim.egg-info to /home/rjleslie/pyrobosim_ws/src/trafficsim/install/trafficsim/lib/python3.12/site-packages/trafficsim-0.0.0-py3.12.egg-info
[0.912s] running install_scripts
[1.006s] Installing traffic script to /home/rjleslie/pyrobosim_ws/src/trafficsim/install/trafficsim/lib/trafficsim
[1.007s] writing list of installed files to '/home/rjleslie/pyrobosim_ws/src/trafficsim/build/trafficsim/install.log'
[1.033s] Invoked command in '/home/rjleslie/pyrobosim_ws/src/trafficsim' returned '0': PYTHONPATH=/home/rjleslie/pyrobosim_ws/src/trafficsim/build/trafficsim/prefix_override:/usr/lib/python3/dist-packages/colcon_core/task/python/colcon_distutils_commands:/home/rjleslie/pyrobosim_ws/src/trafficsim/install/trafficsim/lib/python3.12/site-packages:${PYTHONPATH} /usr/bin/python3 -W ignore:setup.py install is deprecated setup.py egg_info --egg-base build/trafficsim build --build-base /home/rjleslie/pyrobosim_ws/src/trafficsim/build/trafficsim/build install --record /home/rjleslie/pyrobosim_ws/src/trafficsim/build/trafficsim/install.log --single-version-externally-managed install_data
