[0.523s] Invoking command in '/home/calvinearnshaw/ros2_ws/src/CS4048GroupProject': DEBUGINFOD_URLS=https://debuginfod.ubuntu.com PYTHONPATH=/home/calvinearnshaw/ros2_ws/src/CS4048GroupProject/build/CS4048GroupProject/prefix_override:/usr/lib/python3/dist-packages/colcon_core/task/python/colcon_distutils_commands:/home/calvinearnshaw/ros2_ws/src/CS4048GroupProject/install/CS4048GroupProject/lib/python3.12/site-packages:${PYTHONPATH} /usr/bin/python3 -W ignore:setup.py install is deprecated setup.py egg_info --egg-base build/CS4048GroupProject build --build-base /home/calvinearnshaw/ros2_ws/src/CS4048GroupProject/build/CS4048GroupProject/build install --record /home/calvinearnshaw/ros2_ws/src/CS4048GroupProject/build/CS4048GroupProject/install.log --single-version-externally-managed install_data
[0.691s] running egg_info
[0.691s] creating build/CS4048GroupProject/CS4048GroupProject.egg-info
[0.702s] writing build/CS4048GroupProject/CS4048GroupProject.egg-info/PKG-INFO
[0.702s] writing dependency_links to build/CS4048GroupProject/CS4048GroupProject.egg-info/dependency_links.txt
[0.702s] writing entry points to build/CS4048GroupProject/CS4048GroupProject.egg-info/entry_points.txt
[0.702s] writing requirements to build/CS4048GroupProject/CS4048GroupProject.egg-info/requires.txt
[0.702s] writing top-level names to build/CS4048GroupProject/CS4048GroupProject.egg-info/top_level.txt
[0.702s] writing manifest file 'build/CS4048GroupProject/CS4048GroupProject.egg-info/SOURCES.txt'
[0.724s] reading manifest file 'build/CS4048GroupProject/CS4048GroupProject.egg-info/SOURCES.txt'
[0.725s] adding license file 'LICENSE'
[0.725s] writing manifest file 'build/CS4048GroupProject/CS4048GroupProject.egg-info/SOURCES.txt'
[0.725s] running build
[0.725s] running build_py
[0.726s] creating /home/calvinearnshaw/ros2_ws/src/CS4048GroupProject/build/CS4048GroupProject/build
[0.726s] creating /home/calvinearnshaw/ros2_ws/src/CS4048GroupProject/build/CS4048GroupProject/build/lib
[0.726s] creating /home/calvinearnshaw/ros2_ws/src/CS4048GroupProject/build/CS4048GroupProject/build/lib/CS4048GroupProject
[0.726s] copying CS4048GroupProject/__init__.py -> /home/calvinearnshaw/ros2_ws/src/CS4048GroupProject/build/CS4048GroupProject/build/lib/CS4048GroupProject
[0.726s] copying CS4048GroupProject/traffic.py -> /home/calvinearnshaw/ros2_ws/src/CS4048GroupProject/build/CS4048GroupProject/build/lib/CS4048GroupProject
[0.726s] running install
[0.731s] running install_lib
[0.741s] creating /home/calvinearnshaw/ros2_ws/src/CS4048GroupProject/install/CS4048GroupProject/lib/python3.12/site-packages/CS4048GroupProject
[0.741s] copying /home/calvinearnshaw/ros2_ws/src/CS4048GroupProject/build/CS4048GroupProject/build/lib/CS4048GroupProject/__init__.py -> /home/calvinearnshaw/ros2_ws/src/CS4048GroupProject/install/CS4048GroupProject/lib/python3.12/site-packages/CS4048GroupProject
[0.741s] copying /home/calvinearnshaw/ros2_ws/src/CS4048GroupProject/build/CS4048GroupProject/build/lib/CS4048GroupProject/traffic.py -> /home/calvinearnshaw/ros2_ws/src/CS4048GroupProject/install/CS4048GroupProject/lib/python3.12/site-packages/CS4048GroupProject
[0.742s] byte-compiling /home/calvinearnshaw/ros2_ws/src/CS4048GroupProject/install/CS4048GroupProject/lib/python3.12/site-packages/CS4048GroupProject/__init__.py to __init__.cpython-312.pyc
[0.742s] byte-compiling /home/calvinearnshaw/ros2_ws/src/CS4048GroupProject/install/CS4048GroupProject/lib/python3.12/site-packages/CS4048GroupProject/traffic.py to traffic.cpython-312.pyc
[0.742s] running install_data
[0.742s] creating /home/calvinearnshaw/ros2_ws/src/CS4048GroupProject/install/CS4048GroupProject/share
[0.742s] creating /home/calvinearnshaw/ros2_ws/src/CS4048GroupProject/install/CS4048GroupProject/share/ament_index
[0.742s] creating /home/calvinearnshaw/ros2_ws/src/CS4048GroupProject/install/CS4048GroupProject/share/ament_index/resource_index
[0.743s] creating /home/calvinearnshaw/ros2_ws/src/CS4048GroupProject/install/CS4048GroupProject/share/ament_index/resource_index/packages
[0.743s] copying resource/CS4048GroupProject -> /home/calvinearnshaw/ros2_ws/src/CS4048GroupProject/install/CS4048GroupProject/share/ament_index/resource_index/packages
[0.743s] creating /home/calvinearnshaw/ros2_ws/src/CS4048GroupProject/install/CS4048GroupProject/share/CS4048GroupProject
[0.743s] copying package.xml -> /home/calvinearnshaw/ros2_ws/src/CS4048GroupProject/install/CS4048GroupProject/share/CS4048GroupProject
[0.743s] creating /home/calvinearnshaw/ros2_ws/src/CS4048GroupProject/install/CS4048GroupProject/share/CS4048GroupProject/launch
[0.743s] copying launch/traffic_launch.py -> /home/calvinearnshaw/ros2_ws/src/CS4048GroupProject/install/CS4048GroupProject/share/CS4048GroupProject/launch
[0.743s] running install_egg_info
[0.756s] Copying build/CS4048GroupProject/CS4048GroupProject.egg-info to /home/calvinearnshaw/ros2_ws/src/CS4048GroupProject/install/CS4048GroupProject/lib/python3.12/site-packages/CS4048GroupProject-0.0.0-py3.12.egg-info
[0.757s] running install_scripts
[0.837s] Installing traffic script to /home/calvinearnshaw/ros2_ws/src/CS4048GroupProject/install/CS4048GroupProject/lib/CS4048GroupProject
[0.837s] writing list of installed files to '/home/calvinearnshaw/ros2_ws/src/CS4048GroupProject/build/CS4048GroupProject/install.log'
[0.859s] Invoked command in '/home/calvinearnshaw/ros2_ws/src/CS4048GroupProject' returned '0': DEBUGINFOD_URLS=https://debuginfod.ubuntu.com PYTHONPATH=/home/calvinearnshaw/ros2_ws/src/CS4048GroupProject/build/CS4048GroupProject/prefix_override:/usr/lib/python3/dist-packages/colcon_core/task/python/colcon_distutils_commands:/home/calvinearnshaw/ros2_ws/src/CS4048GroupProject/install/CS4048GroupProject/lib/python3.12/site-packages:${PYTHONPATH} /usr/bin/python3 -W ignore:setup.py install is deprecated setup.py egg_info --egg-base build/CS4048GroupProject build --build-base /home/calvinearnshaw/ros2_ws/src/CS4048GroupProject/build/CS4048GroupProject/build install --record /home/calvinearnshaw/ros2_ws/src/CS4048GroupProject/build/CS4048GroupProject/install.log --single-version-externally-managed install_data
