[1.674s] Invoking command in '/home/rjleslie/pyrobosim_ws/src/trafficsim': PYTHONPATH=/home/rjleslie/pyrobosim_ws/src/trafficsim/build/trafficsim/prefix_override:/usr/lib/python3/dist-packages/colcon_core/task/python/colcon_distutils_commands:/home/rjleslie/pyrobosim_ws/src/trafficsim/install/trafficsim/lib/python3.12/site-packages:${PYTHONPATH} /usr/bin/python3 -W ignore:setup.py install is deprecated setup.py egg_info --egg-base build/trafficsim build --build-base /home/rjleslie/pyrobosim_ws/src/trafficsim/build/trafficsim/build install --record /home/rjleslie/pyrobosim_ws/src/trafficsim/build/trafficsim/install.log --single-version-externally-managed install_data
[2.096s] running egg_info
[2.131s] writing build/trafficsim/trafficsim.egg-info/PKG-INFO
[2.132s] writing dependency_links to build/trafficsim/trafficsim.egg-info/dependency_links.txt
[2.133s] writing entry points to build/trafficsim/trafficsim.egg-info/entry_points.txt
[2.133s] writing requirements to build/trafficsim/trafficsim.egg-info/requires.txt
[2.133s] writing top-level names to build/trafficsim/trafficsim.egg-info/top_level.txt
[2.212s] reading manifest file 'build/trafficsim/trafficsim.egg-info/SOURCES.txt'
[2.214s] adding license file 'LICENSE'
[2.215s] writing manifest file 'build/trafficsim/trafficsim.egg-info/SOURCES.txt'
[2.216s] running build
[2.216s] running build_py
[2.216s] running install
[2.227s] running install_lib
[2.271s] running install_data
[2.272s] running install_egg_info
[2.308s] removing '/home/rjleslie/pyrobosim_ws/src/trafficsim/install/trafficsim/lib/python3.12/site-packages/trafficsim-0.0.0-py3.12.egg-info' (and everything under it)
[2.311s] Copying build/trafficsim/trafficsim.egg-info to /home/rjleslie/pyrobosim_ws/src/trafficsim/install/trafficsim/lib/python3.12/site-packages/trafficsim-0.0.0-py3.12.egg-info
[2.314s] running install_scripts
[2.535s] Installing traffic script to /home/rjleslie/pyrobosim_ws/src/trafficsim/install/trafficsim/lib/trafficsim
[2.536s] writing list of installed files to '/home/rjleslie/pyrobosim_ws/src/trafficsim/build/trafficsim/install.log'
[2.573s] Invoked command in '/home/rjleslie/pyrobosim_ws/src/trafficsim' returned '0': PYTHONPATH=/home/rjleslie/pyrobosim_ws/src/trafficsim/build/trafficsim/prefix_override:/usr/lib/python3/dist-packages/colcon_core/task/python/colcon_distutils_commands:/home/rjleslie/pyrobosim_ws/src/trafficsim/install/trafficsim/lib/python3.12/site-packages:${PYTHONPATH} /usr/bin/python3 -W ignore:setup.py install is deprecated setup.py egg_info --egg-base build/trafficsim build --build-base /home/rjleslie/pyrobosim_ws/src/trafficsim/build/trafficsim/build install --record /home/rjleslie/pyrobosim_ws/src/trafficsim/build/trafficsim/install.log --single-version-externally-managed install_data
