running egg_info
creating build/trafficsim/trafficsim.egg-info
writing build/trafficsim/trafficsim.egg-info/PKG-INFO
writing dependency_links to build/trafficsim/trafficsim.egg-info/dependency_links.txt
writing entry points to build/trafficsim/trafficsim.egg-info/entry_points.txt
writing requirements to build/trafficsim/trafficsim.egg-info/requires.txt
writing top-level names to build/trafficsim/trafficsim.egg-info/top_level.txt
writing manifest file 'build/trafficsim/trafficsim.egg-info/SOURCES.txt'
reading manifest file 'build/trafficsim/trafficsim.egg-info/SOURCES.txt'
adding license file 'LICENSE'
writing manifest file 'build/trafficsim/trafficsim.egg-info/SOURCES.txt'
running build
running build_py
creating /home/rjleslie/pyrobosim_ws/src/trafficsim/build/trafficsim/build
creating /home/rjleslie/pyrobosim_ws/src/trafficsim/build/trafficsim/build/lib
creating /home/rjleslie/pyrobosim_ws/src/trafficsim/build/trafficsim/build/lib/trafficsim
copying trafficsim/prs_worldinit.py -> /home/rjleslie/pyrobosim_ws/src/trafficsim/build/trafficsim/build/lib/trafficsim
copying trafficsim/traffic.py -> /home/rjleslie/pyrobosim_ws/src/trafficsim/build/trafficsim/build/lib/trafficsim
copying trafficsim/__init__.py -> /home/rjleslie/pyrobosim_ws/src/trafficsim/build/trafficsim/build/lib/trafficsim
running install
running install_lib
creating /home/rjleslie/pyrobosim_ws/src/trafficsim/install/trafficsim/lib/python3.12/site-packages/trafficsim
copying /home/rjleslie/pyrobosim_ws/src/trafficsim/build/trafficsim/build/lib/trafficsim/prs_worldinit.py -> /home/rjleslie/pyrobosim_ws/src/trafficsim/install/trafficsim/lib/python3.12/site-packages/trafficsim
copying /home/rjleslie/pyrobosim_ws/src/trafficsim/build/trafficsim/build/lib/trafficsim/traffic.py -> /home/rjleslie/pyrobosim_ws/src/trafficsim/install/trafficsim/lib/python3.12/site-packages/trafficsim
copying /home/rjleslie/pyrobosim_ws/src/trafficsim/build/trafficsim/build/lib/trafficsim/__init__.py -> /home/rjleslie/pyrobosim_ws/src/trafficsim/install/trafficsim/lib/python3.12/site-packages/trafficsim
byte-compiling /home/rjleslie/pyrobosim_ws/src/trafficsim/install/trafficsim/lib/python3.12/site-packages/trafficsim/prs_worldinit.py to prs_worldinit.cpython-312.pyc
byte-compiling /home/rjleslie/pyrobosim_ws/src/trafficsim/install/trafficsim/lib/python3.12/site-packages/trafficsim/traffic.py to traffic.cpython-312.pyc
byte-compiling /home/rjleslie/pyrobosim_ws/src/trafficsim/install/trafficsim/lib/python3.12/site-packages/trafficsim/__init__.py to __init__.cpython-312.pyc
running install_data
creating /home/rjleslie/pyrobosim_ws/src/trafficsim/install/trafficsim/share/ament_index
creating /home/rjleslie/pyrobosim_ws/src/trafficsim/install/trafficsim/share/ament_index/resource_index
creating /home/rjleslie/pyrobosim_ws/src/trafficsim/install/trafficsim/share/ament_index/resource_index/packages
copying resource/trafficsim -> /home/rjleslie/pyrobosim_ws/src/trafficsim/install/trafficsim/share/ament_index/resource_index/packages
copying package.xml -> /home/rjleslie/pyrobosim_ws/src/trafficsim/install/trafficsim/share/trafficsim
creating /home/rjleslie/pyrobosim_ws/src/trafficsim/install/trafficsim/share/trafficsim/launch
copying launch/traffic_launch.py -> /home/rjleslie/pyrobosim_ws/src/trafficsim/install/trafficsim/share/trafficsim/launch
running install_egg_info
Copying build/trafficsim/trafficsim.egg-info to /home/rjleslie/pyrobosim_ws/src/trafficsim/install/trafficsim/lib/python3.12/site-packages/trafficsim-0.0.0-py3.12.egg-info
running install_scripts
Installing traffic script to /home/rjleslie/pyrobosim_ws/src/trafficsim/install/trafficsim/lib/trafficsim
writing list of installed files to '/home/rjleslie/pyrobosim_ws/src/trafficsim/build/trafficsim/install.log'
