[1.682s] Invoking command in '/home/rjleslie/pyrobosim_ws/src/trafficsim': PYTHONPATH=/home/rjleslie/pyrobosim_ws/src/trafficsim/build/trafficsim/prefix_override:/usr/lib/python3/dist-packages/colcon_core/task/python/colcon_distutils_commands:/home/rjleslie/pyrobosim_ws/src/trafficsim/install/trafficsim/lib/python3.12/site-packages:${PYTHONPATH} /usr/bin/python3 -W ignore:setup.py install is deprecated setup.py egg_info --egg-base build/trafficsim build --build-base /home/rjleslie/pyrobosim_ws/src/trafficsim/build/trafficsim/build install --record /home/rjleslie/pyrobosim_ws/src/trafficsim/build/trafficsim/install.log --single-version-externally-managed install_data
[2.046s] running egg_info
[2.070s] writing build/trafficsim/trafficsim.egg-info/PKG-INFO
[2.070s] writing dependency_links to build/trafficsim/trafficsim.egg-info/dependency_links.txt
[2.071s] writing entry points to build/trafficsim/trafficsim.egg-info/entry_points.txt
[2.071s] writing requirements to build/trafficsim/trafficsim.egg-info/requires.txt
[2.071s] writing top-level names to build/trafficsim/trafficsim.egg-info/top_level.txt
[2.113s] reading manifest file 'build/trafficsim/trafficsim.egg-info/SOURCES.txt'
[2.113s] adding license file 'LICENSE'
[2.114s] writing manifest file 'build/trafficsim/trafficsim.egg-info/SOURCES.txt'
[2.114s] running build
[2.114s] running build_py
[2.115s] running install
[2.123s] running install_lib
[2.148s] running install_data
[2.148s] running install_egg_info
[2.169s] removing '/home/rjleslie/pyrobosim_ws/src/trafficsim/install/trafficsim/lib/python3.12/site-packages/trafficsim-0.0.0-py3.12.egg-info' (and everything under it)
[2.170s] Copying build/trafficsim/trafficsim.egg-info to /home/rjleslie/pyrobosim_ws/src/trafficsim/install/trafficsim/lib/python3.12/site-packages/trafficsim-0.0.0-py3.12.egg-info
[2.171s] running install_scripts
[2.341s] Installing traffic script to /home/rjleslie/pyrobosim_ws/src/trafficsim/install/trafficsim/lib/trafficsim
[2.342s] writing list of installed files to '/home/rjleslie/pyrobosim_ws/src/trafficsim/build/trafficsim/install.log'
[2.373s] Invoked command in '/home/rjleslie/pyrobosim_ws/src/trafficsim' returned '0': PYTHONPATH=/home/rjleslie/pyrobosim_ws/src/trafficsim/build/trafficsim/prefix_override:/usr/lib/python3/dist-packages/colcon_core/task/python/colcon_distutils_commands:/home/rjleslie/pyrobosim_ws/src/trafficsim/install/trafficsim/lib/python3.12/site-packages:${PYTHONPATH} /usr/bin/python3 -W ignore:setup.py install is deprecated setup.py egg_info --egg-base build/trafficsim build --build-base /home/rjleslie/pyrobosim_ws/src/trafficsim/build/trafficsim/build install --record /home/rjleslie/pyrobosim_ws/src/trafficsim/build/trafficsim/install.log --single-version-externally-managed install_data
