[0.074s] DEBUG:colcon:Command line arguments: ['/usr/bin/colcon', 'build']
[0.074s] DEBUG:colcon:Parsed command line arguments: Namespace(log_base=None, log_level=None, verb_name='build', build_base='build', install_base='install', merge_install=False, symlink_install=False, test_result_base=None, continue_on_error=False, executor='parallel', parallel_workers=4, event_handlers=None, ignore_user_meta=False, metas=['./colcon.meta'], base_paths=['.'], packages_ignore=None, packages_ignore_regex=None, paths=None, packages_up_to=None, packages_up_to_regex=None, packages_above=None, packages_above_and_dependencies=None, packages_above_depth=None, packages_select_by_dep=None, packages_skip_by_dep=None, packages_skip_up_to=None, packages_select_build_failed=False, packages_skip_build_finished=False, packages_select_test_failures=False, packages_skip_test_passed=False, packages_select=None, packages_skip=None, packages_select_regex=None, packages_skip_regex=None, packages_start=None, packages_end=None, allow_overriding=[], cmake_args=None, cmake_target=None, cmake_target_skip_unavailable=False, cmake_clean_cache=False, cmake_clean_first=False, cmake_force_configure=False, ament_cmake_args=None, catkin_cmake_args=None, catkin_skip_building_tests=False, mixin_files=None, mixin=None, verb_parser=<colcon_mixin.mixin.mixin_argument.MixinArgumentDecorator object at 0xf5b17f3eab70>, verb_extension=<colcon_core.verb.build.BuildVerb object at 0xf5b17e323e90>, main=<bound method BuildVerb.main of <colcon_core.verb.build.BuildVerb object at 0xf5b17e323e90>>, mixin_verb=('build',))
[0.113s] Level 1:colcon.colcon_core.package_discovery:discover_packages(colcon_meta) check parameters
[0.113s] Level 1:colcon.colcon_core.package_discovery:discover_packages(recursive) check parameters
[0.113s] Level 1:colcon.colcon_core.package_discovery:discover_packages(ignore) check parameters
[0.113s] Level 1:colcon.colcon_core.package_discovery:discover_packages(path) check parameters
[0.113s] Level 1:colcon.colcon_core.package_discovery:discover_packages(colcon_meta) discover
[0.113s] Level 1:colcon.colcon_core.package_discovery:discover_packages(recursive) discover
[0.113s] INFO:colcon.colcon_core.package_discovery:Crawling recursively for packages in '/home/calvinearnshaw/ros2_ws/src/CS4048GroupProject'
[0.114s] Level 1:colcon.colcon_core.package_identification:_identify(.) by extensions ['ignore', 'ignore_ament_install']
[0.114s] Level 1:colcon.colcon_core.package_identification:_identify(.) by extension 'ignore'
[0.114s] Level 1:colcon.colcon_core.package_identification:_identify(.) by extension 'ignore_ament_install'
[0.114s] Level 1:colcon.colcon_core.package_identification:_identify(.) by extensions ['colcon_pkg']
[0.114s] Level 1:colcon.colcon_core.package_identification:_identify(.) by extension 'colcon_pkg'
[0.114s] Level 1:colcon.colcon_core.package_identification:_identify(.) by extensions ['colcon_meta']
[0.114s] Level 1:colcon.colcon_core.package_identification:_identify(.) by extension 'colcon_meta'
[0.114s] Level 1:colcon.colcon_core.package_identification:_identify(.) by extensions ['ros']
[0.114s] Level 1:colcon.colcon_core.package_identification:_identify(.) by extension 'ros'
[0.134s] DEBUG:colcon.colcon_core.package_identification:Found ROS schema reference in package manifest in '.'
[0.134s] WARNING:colcon.colcon_core.package_identification:Failed to parse ROS package manifest in '.': Error(s) in package './package.xml':
Package 'CS4048GroupProject' must declare at least one maintainer
[0.134s] Level 1:colcon.colcon_core.package_identification:_identify(.) by extensions ['cmake', 'python']
[0.134s] Level 1:colcon.colcon_core.package_identification:_identify(.) by extension 'cmake'
[0.134s] Level 1:colcon.colcon_core.package_identification:_identify(.) by extension 'python'
[0.134s] DEBUG:colcon.colcon_core.package_identification:Python package in '.' passes arguments to the setup() function which requires a different identification extension than 'python'
[0.134s] Level 1:colcon.colcon_core.package_identification:_identify(.) by extensions ['python_setup_py']
[0.134s] Level 1:colcon.colcon_core.package_identification:_identify(.) by extension 'python_setup_py'
[0.292s] DEBUG:colcon.colcon_core.package_identification:Package '.' with type 'python' and name 'CS4048GroupProject'
[0.292s] Level 1:colcon.colcon_core.package_discovery:discover_packages(recursive) using defaults
[0.292s] Level 1:colcon.colcon_core.package_discovery:discover_packages(ignore) discover
[0.292s] Level 1:colcon.colcon_core.package_discovery:discover_packages(ignore) using defaults
[0.292s] Level 1:colcon.colcon_core.package_discovery:discover_packages(path) discover
[0.292s] Level 1:colcon.colcon_core.package_discovery:discover_packages(path) using defaults
[0.306s] Level 1:colcon.colcon_core.package_discovery:discover_packages(prefix_path) check parameters
[0.306s] Level 1:colcon.colcon_core.package_discovery:discover_packages(prefix_path) discover
[0.308s] DEBUG:colcon.colcon_installed_package_information.package_discovery:Found 16 installed packages in /home/calvinearnshaw/ros2_ws/install
[0.309s] DEBUG:colcon.colcon_installed_package_information.package_discovery:Found 359 installed packages in /opt/ros/jazzy
[0.310s] Level 1:colcon.colcon_core.package_discovery:discover_packages(prefix_path) using defaults
[0.342s] Level 5:colcon.colcon_core.verb:set package 'CS4048GroupProject' build argument 'cmake_args' from command line to 'None'
[0.342s] Level 5:colcon.colcon_core.verb:set package 'CS4048GroupProject' build argument 'cmake_target' from command line to 'None'
[0.342s] Level 5:colcon.colcon_core.verb:set package 'CS4048GroupProject' build argument 'cmake_target_skip_unavailable' from command line to 'False'
[0.342s] Level 5:colcon.colcon_core.verb:set package 'CS4048GroupProject' build argument 'cmake_clean_cache' from command line to 'False'
[0.342s] Level 5:colcon.colcon_core.verb:set package 'CS4048GroupProject' build argument 'cmake_clean_first' from command line to 'False'
[0.342s] Level 5:colcon.colcon_core.verb:set package 'CS4048GroupProject' build argument 'cmake_force_configure' from command line to 'False'
[0.342s] Level 5:colcon.colcon_core.verb:set package 'CS4048GroupProject' build argument 'ament_cmake_args' from command line to 'None'
[0.342s] Level 5:colcon.colcon_core.verb:set package 'CS4048GroupProject' build argument 'catkin_cmake_args' from command line to 'None'
[0.342s] Level 5:colcon.colcon_core.verb:set package 'CS4048GroupProject' build argument 'catkin_skip_building_tests' from command line to 'False'
[0.342s] DEBUG:colcon.colcon_core.verb:Building package 'CS4048GroupProject' with the following arguments: {'ament_cmake_args': None, 'build_base': '/home/calvinearnshaw/ros2_ws/src/CS4048GroupProject/build/CS4048GroupProject', 'catkin_cmake_args': None, 'catkin_skip_building_tests': False, 'cmake_args': None, 'cmake_clean_cache': False, 'cmake_clean_first': False, 'cmake_force_configure': False, 'cmake_target': None, 'cmake_target_skip_unavailable': False, 'install_base': '/home/calvinearnshaw/ros2_ws/src/CS4048GroupProject/install/CS4048GroupProject', 'merge_install': False, 'path': '/home/calvinearnshaw/ros2_ws/src/CS4048GroupProject', 'symlink_install': False, 'test_result_base': None}
[0.342s] INFO:colcon.colcon_core.executor:Executing jobs using 'parallel' executor
[0.343s] DEBUG:colcon.colcon_parallel_executor.executor.parallel:run_until_complete
[0.343s] INFO:colcon.colcon_core.task.python.build:Building Python package in '/home/calvinearnshaw/ros2_ws/src/CS4048GroupProject'
[0.345s] INFO:colcon.colcon_core.plugin_system:Skipping extension 'colcon_core.shell.bat': Not used on non-Windows systems
[0.345s] INFO:colcon.colcon_core.shell:Skip shell extension 'powershell' for command environment: Not usable outside of PowerShell
[0.345s] DEBUG:colcon.colcon_core.shell:Skip shell extension 'dsv' for command environment
[0.867s] DEBUG:colcon.colcon_core.event_handler.log_command:Invoking command in '/home/calvinearnshaw/ros2_ws/src/CS4048GroupProject': DEBUGINFOD_URLS=https://debuginfod.ubuntu.com PYTHONPATH=/home/calvinearnshaw/ros2_ws/src/CS4048GroupProject/build/CS4048GroupProject/prefix_override:/usr/lib/python3/dist-packages/colcon_core/task/python/colcon_distutils_commands:/home/calvinearnshaw/ros2_ws/src/CS4048GroupProject/install/CS4048GroupProject/lib/python3.12/site-packages:${PYTHONPATH} /usr/bin/python3 -W ignore:setup.py install is deprecated setup.py egg_info --egg-base build/CS4048GroupProject build --build-base /home/calvinearnshaw/ros2_ws/src/CS4048GroupProject/build/CS4048GroupProject/build install --record /home/calvinearnshaw/ros2_ws/src/CS4048GroupProject/build/CS4048GroupProject/install.log --single-version-externally-managed install_data
[1.203s] DEBUG:colcon.colcon_core.event_handler.log_command:Invoked command in '/home/calvinearnshaw/ros2_ws/src/CS4048GroupProject' returned '0': DEBUGINFOD_URLS=https://debuginfod.ubuntu.com PYTHONPATH=/home/calvinearnshaw/ros2_ws/src/CS4048GroupProject/build/CS4048GroupProject/prefix_override:/usr/lib/python3/dist-packages/colcon_core/task/python/colcon_distutils_commands:/home/calvinearnshaw/ros2_ws/src/CS4048GroupProject/install/CS4048GroupProject/lib/python3.12/site-packages:${PYTHONPATH} /usr/bin/python3 -W ignore:setup.py install is deprecated setup.py egg_info --egg-base build/CS4048GroupProject build --build-base /home/calvinearnshaw/ros2_ws/src/CS4048GroupProject/build/CS4048GroupProject/build install --record /home/calvinearnshaw/ros2_ws/src/CS4048GroupProject/build/CS4048GroupProject/install.log --single-version-externally-managed install_data
[1.205s] Level 1:colcon.colcon_core.environment:checking '/home/calvinearnshaw/ros2_ws/src/CS4048GroupProject/install/CS4048GroupProject' for CMake module files
[1.205s] Level 1:colcon.colcon_core.environment:checking '/home/calvinearnshaw/ros2_ws/src/CS4048GroupProject/install/CS4048GroupProject' for CMake config files
[1.205s] Level 1:colcon.colcon_core.environment:checking '/home/calvinearnshaw/ros2_ws/src/CS4048GroupProject/install/CS4048GroupProject/lib'
[1.206s] Level 1:colcon.colcon_core.environment:checking '/home/calvinearnshaw/ros2_ws/src/CS4048GroupProject/install/CS4048GroupProject/bin'
[1.206s] Level 1:colcon.colcon_core.environment:checking '/home/calvinearnshaw/ros2_ws/src/CS4048GroupProject/install/CS4048GroupProject/lib/pkgconfig/CS4048GroupProject.pc'
[1.206s] Level 1:colcon.colcon_core.environment:checking '/home/calvinearnshaw/ros2_ws/src/CS4048GroupProject/install/CS4048GroupProject/lib/python3.12/site-packages'
[1.206s] Level 1:colcon.colcon_core.shell:create_environment_hook('CS4048GroupProject', 'pythonpath')
[1.206s] INFO:colcon.colcon_core.shell:Creating environment hook '/home/calvinearnshaw/ros2_ws/src/CS4048GroupProject/install/CS4048GroupProject/share/CS4048GroupProject/hook/pythonpath.ps1'
[1.206s] INFO:colcon.colcon_core.shell:Creating environment descriptor '/home/calvinearnshaw/ros2_ws/src/CS4048GroupProject/install/CS4048GroupProject/share/CS4048GroupProject/hook/pythonpath.dsv'
[1.207s] INFO:colcon.colcon_core.shell:Creating environment hook '/home/calvinearnshaw/ros2_ws/src/CS4048GroupProject/install/CS4048GroupProject/share/CS4048GroupProject/hook/pythonpath.sh'
[1.207s] Level 1:colcon.colcon_core.environment:checking '/home/calvinearnshaw/ros2_ws/src/CS4048GroupProject/install/CS4048GroupProject/bin'
[1.207s] Level 1:colcon.colcon_core.environment:create_environment_scripts_only(CS4048GroupProject)
[1.207s] INFO:colcon.colcon_core.shell:Creating package script '/home/calvinearnshaw/ros2_ws/src/CS4048GroupProject/install/CS4048GroupProject/share/CS4048GroupProject/package.ps1'
[1.208s] INFO:colcon.colcon_core.shell:Creating package descriptor '/home/calvinearnshaw/ros2_ws/src/CS4048GroupProject/install/CS4048GroupProject/share/CS4048GroupProject/package.dsv'
[1.208s] INFO:colcon.colcon_core.shell:Creating package script '/home/calvinearnshaw/ros2_ws/src/CS4048GroupProject/install/CS4048GroupProject/share/CS4048GroupProject/package.sh'
[1.208s] INFO:colcon.colcon_core.shell:Creating package script '/home/calvinearnshaw/ros2_ws/src/CS4048GroupProject/install/CS4048GroupProject/share/CS4048GroupProject/package.bash'
[1.209s] INFO:colcon.colcon_core.shell:Creating package script '/home/calvinearnshaw/ros2_ws/src/CS4048GroupProject/install/CS4048GroupProject/share/CS4048GroupProject/package.zsh'
[1.209s] Level 1:colcon.colcon_core.environment:create_file_with_runtime_dependencies(/home/calvinearnshaw/ros2_ws/src/CS4048GroupProject/install/CS4048GroupProject/share/colcon-core/packages/CS4048GroupProject)
[1.209s] DEBUG:colcon.colcon_parallel_executor.executor.parallel:closing loop
[1.210s] DEBUG:colcon.colcon_parallel_executor.executor.parallel:loop closed
[1.210s] DEBUG:colcon.colcon_parallel_executor.executor.parallel:run_until_complete finished with '0'
[1.210s] DEBUG:colcon.colcon_core.event_reactor:joining thread
[1.214s] INFO:colcon.colcon_core.plugin_system:Skipping extension 'colcon_notification.desktop_notification.terminal_notifier': Not used on non-Darwin systems
[1.214s] INFO:colcon.colcon_core.plugin_system:Skipping extension 'colcon_notification.desktop_notification.win32': Not used on non-Windows systems
[1.214s] INFO:colcon.colcon_notification.desktop_notification:Sending desktop notification using 'notify2'
[1.236s] DEBUG:colcon.colcon_core.event_reactor:joined thread
[1.237s] INFO:colcon.colcon_core.shell:Creating prefix script '/home/calvinearnshaw/ros2_ws/src/CS4048GroupProject/install/local_setup.ps1'
[1.237s] INFO:colcon.colcon_core.shell:Creating prefix util module '/home/calvinearnshaw/ros2_ws/src/CS4048GroupProject/install/_local_setup_util_ps1.py'
[1.238s] INFO:colcon.colcon_core.shell:Creating prefix chain script '/home/calvinearnshaw/ros2_ws/src/CS4048GroupProject/install/setup.ps1'
[1.239s] INFO:colcon.colcon_core.shell:Creating prefix script '/home/calvinearnshaw/ros2_ws/src/CS4048GroupProject/install/local_setup.sh'
[1.239s] INFO:colcon.colcon_core.shell:Creating prefix util module '/home/calvinearnshaw/ros2_ws/src/CS4048GroupProject/install/_local_setup_util_sh.py'
[1.240s] INFO:colcon.colcon_core.shell:Creating prefix chain script '/home/calvinearnshaw/ros2_ws/src/CS4048GroupProject/install/setup.sh'
[1.240s] INFO:colcon.colcon_core.shell:Creating prefix script '/home/calvinearnshaw/ros2_ws/src/CS4048GroupProject/install/local_setup.bash'
[1.241s] INFO:colcon.colcon_core.shell:Creating prefix chain script '/home/calvinearnshaw/ros2_ws/src/CS4048GroupProject/install/setup.bash'
[1.241s] INFO:colcon.colcon_core.shell:Creating prefix script '/home/calvinearnshaw/ros2_ws/src/CS4048GroupProject/install/local_setup.zsh'
[1.242s] INFO:colcon.colcon_core.shell:Creating prefix chain script '/home/calvinearnshaw/ros2_ws/src/CS4048GroupProject/install/setup.zsh'
