[1.269s] Invoking command in '/home/rjleslie/pyrobosim_ws/src/trafficsim': PYTHONPATH=/home/rjleslie/pyrobosim_ws/src/trafficsim/build/trafficsim/prefix_override:/usr/lib/python3/dist-packages/colcon_core/task/python/colcon_distutils_commands:/home/rjleslie/pyrobosim_ws/src/trafficsim/install/trafficsim/lib/python3.12/site-packages:${PYTHONPATH} /usr/bin/python3 -W ignore:setup.py install is deprecated setup.py egg_info --egg-base build/trafficsim build --build-base /home/rjleslie/pyrobosim_ws/src/trafficsim/build/trafficsim/build install --record /home/rjleslie/pyrobosim_ws/src/trafficsim/build/trafficsim/install.log --single-version-externally-managed install_data
[1.471s] running egg_info
[1.489s] writing build/trafficsim/trafficsim.egg-info/PKG-INFO
[1.490s] writing dependency_links to build/trafficsim/trafficsim.egg-info/dependency_links.txt
[1.490s] writing entry points to build/trafficsim/trafficsim.egg-info/entry_points.txt
[1.490s] writing requirements to build/trafficsim/trafficsim.egg-info/requires.txt
[1.490s] writing top-level names to build/trafficsim/trafficsim.egg-info/top_level.txt
[1.518s] reading manifest file 'build/trafficsim/trafficsim.egg-info/SOURCES.txt'
[1.519s] adding license file 'LICENSE'
[1.520s] writing manifest file 'build/trafficsim/trafficsim.egg-info/SOURCES.txt'
[1.521s] running build
[1.521s] running build_py
[1.522s] copying trafficsim/prs_worldinit.py -> /home/rjleslie/pyrobosim_ws/src/trafficsim/build/trafficsim/build/lib/trafficsim
[1.522s] running install
[1.528s] running install_lib
[1.543s] copying /home/rjleslie/pyrobosim_ws/src/trafficsim/build/trafficsim/build/lib/trafficsim/prs_worldinit.py -> /home/rjleslie/pyrobosim_ws/src/trafficsim/install/trafficsim/lib/python3.12/site-packages/trafficsim
[1.544s] byte-compiling /home/rjleslie/pyrobosim_ws/src/trafficsim/install/trafficsim/lib/python3.12/site-packages/trafficsim/prs_worldinit.py to prs_worldinit.cpython-312.pyc
[1.545s] running install_data
[1.545s] running install_egg_info
[1.560s] removing '/home/rjleslie/pyrobosim_ws/src/trafficsim/install/trafficsim/lib/python3.12/site-packages/trafficsim-0.0.0-py3.12.egg-info' (and everything under it)
[1.561s] Copying build/trafficsim/trafficsim.egg-info to /home/rjleslie/pyrobosim_ws/src/trafficsim/install/trafficsim/lib/python3.12/site-packages/trafficsim-0.0.0-py3.12.egg-info
[1.563s] running install_scripts
[1.662s] Installing traffic script to /home/rjleslie/pyrobosim_ws/src/trafficsim/install/trafficsim/lib/trafficsim
[1.663s] writing list of installed files to '/home/rjleslie/pyrobosim_ws/src/trafficsim/build/trafficsim/install.log'
[1.686s] Invoked command in '/home/rjleslie/pyrobosim_ws/src/trafficsim' returned '0': PYTHONPATH=/home/rjleslie/pyrobosim_ws/src/trafficsim/build/trafficsim/prefix_override:/usr/lib/python3/dist-packages/colcon_core/task/python/colcon_distutils_commands:/home/rjleslie/pyrobosim_ws/src/trafficsim/install/trafficsim/lib/python3.12/site-packages:${PYTHONPATH} /usr/bin/python3 -W ignore:setup.py install is deprecated setup.py egg_info --egg-base build/trafficsim build --build-base /home/rjleslie/pyrobosim_ws/src/trafficsim/build/trafficsim/build install --record /home/rjleslie/pyrobosim_ws/src/trafficsim/build/trafficsim/install.log --single-version-externally-managed install_data
