[1.034s] DEBUG:colcon:Command line arguments: ['/home/rjleslie/python-virtualenvs/pyrobosim/bin/colcon', 'build', '--packages-select', 'trafficsim']
[1.034s] DEBUG:colcon:Parsed command line arguments: Namespace(log_base=None, log_level=None, verb_name='build', build_base='build', install_base='install', merge_install=False, symlink_install=False, test_result_base=None, continue_on_error=False, executor='parallel', parallel_workers=16, event_handlers=None, ignore_user_meta=False, metas=['./colcon.meta'], base_paths=['.'], packages_ignore=None, packages_ignore_regex=None, paths=None, packages_up_to=None, packages_up_to_regex=None, packages_above=None, packages_above_and_dependencies=None, packages_above_depth=None, packages_select_by_dep=None, packages_skip_by_dep=None, packages_skip_up_to=None, packages_select_build_failed=False, packages_skip_build_finished=False, packages_select_test_failures=False, packages_skip_test_passed=False, packages_select=['trafficsim'], packages_skip=None, packages_select_regex=None, packages_skip_regex=None, packages_start=None, packages_end=None, cmake_args=None, cmake_target=None, cmake_target_skip_unavailable=False, cmake_clean_cache=False, cmake_clean_first=False, cmake_force_configure=False, ament_cmake_args=None, catkin_cmake_args=None, catkin_skip_building_tests=False, verb_parser=<colcon_defaults.argument_parser.defaults.DefaultArgumentsDecorator object at 0x7f7ac1e78ce0>, verb_extension=<colcon_core.verb.build.BuildVerb object at 0x7f7ac1e78bc0>, main=<bound method BuildVerb.main of <colcon_core.verb.build.BuildVerb object at 0x7f7ac1e78bc0>>)
[1.176s] Level 1:colcon.colcon_core.package_discovery:discover_packages(colcon_meta) check parameters
[1.176s] Level 1:colcon.colcon_core.package_discovery:discover_packages(recursive) check parameters
[1.176s] Level 1:colcon.colcon_core.package_discovery:discover_packages(ignore) check parameters
[1.176s] Level 1:colcon.colcon_core.package_discovery:discover_packages(path) check parameters
[1.176s] Level 1:colcon.colcon_core.package_discovery:discover_packages(colcon_meta) discover
[1.176s] Level 1:colcon.colcon_core.package_discovery:discover_packages(recursive) discover
[1.177s] INFO:colcon.colcon_core.package_discovery:Crawling recursively for packages in '/home/rjleslie/pyrobosim_ws/src/trafficsim'
[1.177s] Level 1:colcon.colcon_core.package_identification:_identify(.) by extensions ['ignore', 'ignore_ament_install']
[1.177s] Level 1:colcon.colcon_core.package_identification:_identify(.) by extension 'ignore'
[1.177s] Level 1:colcon.colcon_core.package_identification:_identify(.) by extension 'ignore_ament_install'
[1.177s] Level 1:colcon.colcon_core.package_identification:_identify(.) by extensions ['colcon_pkg']
[1.177s] Level 1:colcon.colcon_core.package_identification:_identify(.) by extension 'colcon_pkg'
[1.177s] Level 1:colcon.colcon_core.package_identification:_identify(.) by extensions ['colcon_meta']
[1.177s] Level 1:colcon.colcon_core.package_identification:_identify(.) by extension 'colcon_meta'
[1.177s] Level 1:colcon.colcon_core.package_identification:_identify(.) by extensions ['ros']
[1.177s] Level 1:colcon.colcon_core.package_identification:_identify(.) by extension 'ros'
[1.222s] DEBUG:colcon.colcon_core.package_identification:Package '.' with type 'ros.ament_python' and name 'trafficsim'
[1.222s] Level 1:colcon.colcon_core.package_discovery:discover_packages(recursive) using defaults
[1.222s] Level 1:colcon.colcon_core.package_discovery:discover_packages(ignore) discover
[1.222s] Level 1:colcon.colcon_core.package_discovery:discover_packages(ignore) using defaults
[1.222s] Level 1:colcon.colcon_core.package_discovery:discover_packages(path) discover
[1.222s] Level 1:colcon.colcon_core.package_discovery:discover_packages(path) using defaults
[1.253s] Level 5:colcon.colcon_core.verb:set package 'trafficsim' build argument 'cmake_args' from command line to 'None'
[1.253s] Level 5:colcon.colcon_core.verb:set package 'trafficsim' build argument 'cmake_target' from command line to 'None'
[1.254s] Level 5:colcon.colcon_core.verb:set package 'trafficsim' build argument 'cmake_target_skip_unavailable' from command line to 'False'
[1.254s] Level 5:colcon.colcon_core.verb:set package 'trafficsim' build argument 'cmake_clean_cache' from command line to 'False'
[1.254s] Level 5:colcon.colcon_core.verb:set package 'trafficsim' build argument 'cmake_clean_first' from command line to 'False'
[1.254s] Level 5:colcon.colcon_core.verb:set package 'trafficsim' build argument 'cmake_force_configure' from command line to 'False'
[1.254s] Level 5:colcon.colcon_core.verb:set package 'trafficsim' build argument 'ament_cmake_args' from command line to 'None'
[1.254s] Level 5:colcon.colcon_core.verb:set package 'trafficsim' build argument 'catkin_cmake_args' from command line to 'None'
[1.254s] Level 5:colcon.colcon_core.verb:set package 'trafficsim' build argument 'catkin_skip_building_tests' from command line to 'False'
[1.254s] DEBUG:colcon.colcon_core.verb:Building package 'trafficsim' with the following arguments: {'ament_cmake_args': None, 'build_base': '/home/rjleslie/pyrobosim_ws/src/trafficsim/build/trafficsim', 'catkin_cmake_args': None, 'catkin_skip_building_tests': False, 'cmake_args': None, 'cmake_clean_cache': False, 'cmake_clean_first': False, 'cmake_force_configure': False, 'cmake_target': None, 'cmake_target_skip_unavailable': False, 'install_base': '/home/rjleslie/pyrobosim_ws/src/trafficsim/install/trafficsim', 'merge_install': False, 'path': '/home/rjleslie/pyrobosim_ws/src/trafficsim', 'symlink_install': False, 'test_result_base': None}
[1.254s] INFO:colcon.colcon_core.executor:Executing jobs using 'parallel' executor
[1.255s] DEBUG:colcon.colcon_parallel_executor.executor.parallel:run_until_complete
[1.256s] INFO:colcon.colcon_ros.task.ament_python.build:Building ROS package in '/home/rjleslie/pyrobosim_ws/src/trafficsim' with build type 'ament_python'
[1.256s] Level 1:colcon.colcon_core.shell:create_environment_hook('trafficsim', 'ament_prefix_path')
[1.264s] INFO:colcon.colcon_core.plugin_system:Skipping extension 'colcon_core.shell.bat': Not used on non-Windows systems
[1.264s] INFO:colcon.colcon_core.shell:Creating environment hook '/home/rjleslie/pyrobosim_ws/src/trafficsim/install/trafficsim/share/trafficsim/hook/ament_prefix_path.ps1'
[1.267s] INFO:colcon.colcon_core.shell:Creating environment descriptor '/home/rjleslie/pyrobosim_ws/src/trafficsim/install/trafficsim/share/trafficsim/hook/ament_prefix_path.dsv'
[1.268s] INFO:colcon.colcon_core.shell:Creating environment hook '/home/rjleslie/pyrobosim_ws/src/trafficsim/install/trafficsim/share/trafficsim/hook/ament_prefix_path.sh'
[1.269s] INFO:colcon.colcon_core.shell:Skip shell extension 'powershell' for command environment: Not usable outside of PowerShell
[1.269s] DEBUG:colcon.colcon_core.shell:Skip shell extension 'dsv' for command environment
[1.576s] INFO:colcon.colcon_core.task.python.build:Building Python package in '/home/rjleslie/pyrobosim_ws/src/trafficsim'
[1.576s] INFO:colcon.colcon_core.shell:Skip shell extension 'powershell' for command environment: Not usable outside of PowerShell
[1.576s] DEBUG:colcon.colcon_core.shell:Skip shell extension 'dsv' for command environment
[2.414s] DEBUG:colcon.colcon_core.event_handler.log_command:Invoking command in '/home/rjleslie/pyrobosim_ws/src/trafficsim': PYTHONPATH=/home/rjleslie/pyrobosim_ws/src/trafficsim/build/trafficsim/prefix_override:/home/rjleslie/python-virtualenvs/pyrobosim/lib/python3.12/site-packages/colcon_core/task/python/colcon_distutils_commands:/home/rjleslie/pyrobosim_ws/src/trafficsim/install/trafficsim/lib/python3.12/site-packages:${PYTHONPATH} VIRTUAL_ENV_PROMPT=(pyrobosim) /home/rjleslie/python-virtualenvs/pyrobosim/bin/python3 -W ignore:setup.py install is deprecated setup.py egg_info --egg-base build/trafficsim build --build-base /home/rjleslie/pyrobosim_ws/src/trafficsim/build/trafficsim/build install --record /home/rjleslie/pyrobosim_ws/src/trafficsim/build/trafficsim/install.log --single-version-externally-managed install_data
[3.012s] DEBUG:colcon.colcon_core.event_handler.log_command:Invoked command in '/home/rjleslie/pyrobosim_ws/src/trafficsim' returned '0': PYTHONPATH=/home/rjleslie/pyrobosim_ws/src/trafficsim/build/trafficsim/prefix_override:/home/rjleslie/python-virtualenvs/pyrobosim/lib/python3.12/site-packages/colcon_core/task/python/colcon_distutils_commands:/home/rjleslie/pyrobosim_ws/src/trafficsim/install/trafficsim/lib/python3.12/site-packages:${PYTHONPATH} VIRTUAL_ENV_PROMPT=(pyrobosim) /home/rjleslie/python-virtualenvs/pyrobosim/bin/python3 -W ignore:setup.py install is deprecated setup.py egg_info --egg-base build/trafficsim build --build-base /home/rjleslie/pyrobosim_ws/src/trafficsim/build/trafficsim/build install --record /home/rjleslie/pyrobosim_ws/src/trafficsim/build/trafficsim/install.log --single-version-externally-managed install_data
[3.025s] Level 1:colcon.colcon_core.environment:checking '/home/rjleslie/pyrobosim_ws/src/trafficsim/install/trafficsim' for CMake module files
[3.026s] Level 1:colcon.colcon_core.environment:checking '/home/rjleslie/pyrobosim_ws/src/trafficsim/install/trafficsim' for CMake config files
[3.034s] Level 1:colcon.colcon_core.environment:checking '/home/rjleslie/pyrobosim_ws/src/trafficsim/install/trafficsim/lib'
[3.034s] Level 1:colcon.colcon_core.environment:checking '/home/rjleslie/pyrobosim_ws/src/trafficsim/install/trafficsim/bin'
[3.034s] Level 1:colcon.colcon_core.environment:checking '/home/rjleslie/pyrobosim_ws/src/trafficsim/install/trafficsim/lib/pkgconfig/trafficsim.pc'
[3.035s] Level 1:colcon.colcon_core.environment:checking '/home/rjleslie/pyrobosim_ws/src/trafficsim/install/trafficsim/lib/python3.12/site-packages'
[3.035s] Level 1:colcon.colcon_core.shell:create_environment_hook('trafficsim', 'pythonpath')
[3.036s] INFO:colcon.colcon_core.shell:Creating environment hook '/home/rjleslie/pyrobosim_ws/src/trafficsim/install/trafficsim/share/trafficsim/hook/pythonpath.ps1'
[3.037s] INFO:colcon.colcon_core.shell:Creating environment descriptor '/home/rjleslie/pyrobosim_ws/src/trafficsim/install/trafficsim/share/trafficsim/hook/pythonpath.dsv'
[3.038s] INFO:colcon.colcon_core.shell:Creating environment hook '/home/rjleslie/pyrobosim_ws/src/trafficsim/install/trafficsim/share/trafficsim/hook/pythonpath.sh'
[3.039s] Level 1:colcon.colcon_core.environment:checking '/home/rjleslie/pyrobosim_ws/src/trafficsim/install/trafficsim/bin'
[3.039s] Level 1:colcon.colcon_core.environment:create_environment_scripts_only(trafficsim)
[3.039s] INFO:colcon.colcon_core.shell:Creating package script '/home/rjleslie/pyrobosim_ws/src/trafficsim/install/trafficsim/share/trafficsim/package.ps1'
[3.042s] INFO:colcon.colcon_core.shell:Creating package descriptor '/home/rjleslie/pyrobosim_ws/src/trafficsim/install/trafficsim/share/trafficsim/package.dsv'
[3.045s] INFO:colcon.colcon_core.shell:Creating package script '/home/rjleslie/pyrobosim_ws/src/trafficsim/install/trafficsim/share/trafficsim/package.sh'
[3.047s] INFO:colcon.colcon_core.shell:Creating package script '/home/rjleslie/pyrobosim_ws/src/trafficsim/install/trafficsim/share/trafficsim/package.bash'
[3.051s] INFO:colcon.colcon_core.shell:Creating package script '/home/rjleslie/pyrobosim_ws/src/trafficsim/install/trafficsim/share/trafficsim/package.zsh'
[3.055s] Level 1:colcon.colcon_core.environment:create_file_with_runtime_dependencies(/home/rjleslie/pyrobosim_ws/src/trafficsim/install/trafficsim/share/colcon-core/packages/trafficsim)
[3.055s] DEBUG:colcon.colcon_parallel_executor.executor.parallel:closing loop
[3.057s] DEBUG:colcon.colcon_parallel_executor.executor.parallel:loop closed
[3.057s] DEBUG:colcon.colcon_parallel_executor.executor.parallel:run_until_complete finished with '0'
[3.057s] DEBUG:colcon.colcon_core.event_reactor:joining thread
[3.067s] INFO:colcon.colcon_core.plugin_system:Skipping extension 'colcon_notification.desktop_notification.notify2': 'notify2' not found
[3.190s] INFO:colcon.colcon_core.plugin_system:Skipping extension 'colcon_notification.desktop_notification.notify_send': Could not find 'notify-send'
[3.190s] INFO:colcon.colcon_core.plugin_system:Skipping extension 'colcon_notification.desktop_notification.terminal_notifier': Not used on non-Darwin systems
[3.190s] INFO:colcon.colcon_core.plugin_system:Skipping extension 'colcon_notification.desktop_notification.win32': Not used on non-Windows systems
[3.191s] DEBUG:colcon.colcon_core.event_reactor:joined thread
[3.192s] INFO:colcon.colcon_core.shell:Creating prefix script '/home/rjleslie/pyrobosim_ws/src/trafficsim/install/local_setup.ps1'
[3.199s] INFO:colcon.colcon_core.shell:Creating prefix util module '/home/rjleslie/pyrobosim_ws/src/trafficsim/install/_local_setup_util_ps1.py'
[3.205s] INFO:colcon.colcon_core.shell:Creating prefix chain script '/home/rjleslie/pyrobosim_ws/src/trafficsim/install/setup.ps1'
[3.210s] INFO:colcon.colcon_core.shell:Creating prefix script '/home/rjleslie/pyrobosim_ws/src/trafficsim/install/local_setup.sh'
[3.212s] INFO:colcon.colcon_core.shell:Creating prefix util module '/home/rjleslie/pyrobosim_ws/src/trafficsim/install/_local_setup_util_sh.py'
[3.213s] INFO:colcon.colcon_core.shell:Creating prefix chain script '/home/rjleslie/pyrobosim_ws/src/trafficsim/install/setup.sh'
[3.216s] INFO:colcon.colcon_core.shell:Creating prefix script '/home/rjleslie/pyrobosim_ws/src/trafficsim/install/local_setup.bash'
[3.219s] INFO:colcon.colcon_core.shell:Creating prefix chain script '/home/rjleslie/pyrobosim_ws/src/trafficsim/install/setup.bash'
[3.222s] INFO:colcon.colcon_core.shell:Creating prefix script '/home/rjleslie/pyrobosim_ws/src/trafficsim/install/local_setup.zsh'
[3.224s] INFO:colcon.colcon_core.shell:Creating prefix chain script '/home/rjleslie/pyrobosim_ws/src/trafficsim/install/setup.zsh'
