[0.510s] DEBUG:colcon:Command line arguments: ['/usr/bin/colcon', 'build', '--packages-select', 'pyrobosim', 'pyrobosim_ros', 'trafficsim']
[0.510s] DEBUG:colcon:Parsed command line arguments: Namespace(log_base=None, log_level=None, verb_name='build', build_base='build', install_base='install', merge_install=False, symlink_install=False, test_result_base=None, continue_on_error=False, executor='parallel', parallel_workers=16, event_handlers=None, ignore_user_meta=False, metas=['./colcon.meta'], base_paths=['.'], packages_ignore=None, packages_ignore_regex=None, paths=None, packages_up_to=None, packages_up_to_regex=None, packages_above=None, packages_above_and_dependencies=None, packages_above_depth=None, packages_select_by_dep=None, packages_skip_by_dep=None, packages_skip_up_to=None, packages_select_build_failed=False, packages_skip_build_finished=False, packages_select_test_failures=False, packages_skip_test_passed=False, packages_select=['pyrobosim', 'pyrobosim_ros', 'trafficsim'], packages_skip=None, packages_select_regex=None, packages_skip_regex=None, packages_start=None, packages_end=None, allow_overriding=[], cmake_args=None, cmake_target=None, cmake_target_skip_unavailable=False, cmake_clean_cache=False, cmake_clean_first=False, cmake_force_configure=False, ament_cmake_args=None, catkin_cmake_args=None, catkin_skip_building_tests=False, mixin_files=None, mixin=None, verb_parser=<colcon_mixin.mixin.mixin_argument.MixinArgumentDecorator object at 0x7f374b701250>, verb_extension=<colcon_core.verb.build.BuildVerb object at 0x7f374b700fb0>, main=<bound method BuildVerb.main of <colcon_core.verb.build.BuildVerb object at 0x7f374b700fb0>>, mixin_verb=('build',))
[0.621s] Level 1:colcon.colcon_core.package_discovery:discover_packages(colcon_meta) check parameters
[0.621s] Level 1:colcon.colcon_core.package_discovery:discover_packages(recursive) check parameters
[0.621s] Level 1:colcon.colcon_core.package_discovery:discover_packages(ignore) check parameters
[0.621s] Level 1:colcon.colcon_core.package_discovery:discover_packages(path) check parameters
[0.621s] Level 1:colcon.colcon_core.package_discovery:discover_packages(colcon_meta) discover
[0.621s] Level 1:colcon.colcon_core.package_discovery:discover_packages(recursive) discover
[0.622s] INFO:colcon.colcon_core.package_discovery:Crawling recursively for packages in '/home/rjleslie/pyrobosim_ws/src/trafficsim'
[0.622s] Level 1:colcon.colcon_core.package_identification:_identify(.) by extensions ['ignore', 'ignore_ament_install']
[0.622s] Level 1:colcon.colcon_core.package_identification:_identify(.) by extension 'ignore'
[0.622s] Level 1:colcon.colcon_core.package_identification:_identify(.) by extension 'ignore_ament_install'
[0.623s] Level 1:colcon.colcon_core.package_identification:_identify(.) by extensions ['colcon_pkg']
[0.623s] Level 1:colcon.colcon_core.package_identification:_identify(.) by extension 'colcon_pkg'
[0.623s] Level 1:colcon.colcon_core.package_identification:_identify(.) by extensions ['colcon_meta']
[0.623s] Level 1:colcon.colcon_core.package_identification:_identify(.) by extension 'colcon_meta'
[0.623s] Level 1:colcon.colcon_core.package_identification:_identify(.) by extensions ['ros']
[0.623s] Level 1:colcon.colcon_core.package_identification:_identify(.) by extension 'ros'
[0.684s] DEBUG:colcon.colcon_core.package_identification:Package '.' with type 'ros.ament_python' and name 'trafficsim'
[0.684s] Level 1:colcon.colcon_core.package_discovery:discover_packages(recursive) using defaults
[0.684s] Level 1:colcon.colcon_core.package_discovery:discover_packages(ignore) discover
[0.684s] Level 1:colcon.colcon_core.package_discovery:discover_packages(ignore) using defaults
[0.684s] Level 1:colcon.colcon_core.package_discovery:discover_packages(path) discover
[0.684s] Level 1:colcon.colcon_core.package_discovery:discover_packages(path) using defaults
[0.685s] WARNING:colcon.colcon_core.package_selection:ignoring unknown package 'pyrobosim' in --packages-select
[0.685s] WARNING:colcon.colcon_core.package_selection:ignoring unknown package 'pyrobosim_ros' in --packages-select
[0.726s] Level 1:colcon.colcon_core.package_discovery:discover_packages(prefix_path) check parameters
[0.726s] Level 1:colcon.colcon_core.package_discovery:discover_packages(prefix_path) discover
[0.735s] DEBUG:colcon.colcon_installed_package_information.package_discovery:Found 347 installed packages in /opt/ros/jazzy
[0.737s] Level 1:colcon.colcon_core.package_discovery:discover_packages(prefix_path) using defaults
[0.859s] Level 5:colcon.colcon_core.verb:set package 'trafficsim' build argument 'cmake_args' from command line to 'None'
[0.859s] Level 5:colcon.colcon_core.verb:set package 'trafficsim' build argument 'cmake_target' from command line to 'None'
[0.859s] Level 5:colcon.colcon_core.verb:set package 'trafficsim' build argument 'cmake_target_skip_unavailable' from command line to 'False'
[0.859s] Level 5:colcon.colcon_core.verb:set package 'trafficsim' build argument 'cmake_clean_cache' from command line to 'False'
[0.859s] Level 5:colcon.colcon_core.verb:set package 'trafficsim' build argument 'cmake_clean_first' from command line to 'False'
[0.859s] Level 5:colcon.colcon_core.verb:set package 'trafficsim' build argument 'cmake_force_configure' from command line to 'False'
[0.859s] Level 5:colcon.colcon_core.verb:set package 'trafficsim' build argument 'ament_cmake_args' from command line to 'None'
[0.859s] Level 5:colcon.colcon_core.verb:set package 'trafficsim' build argument 'catkin_cmake_args' from command line to 'None'
[0.859s] Level 5:colcon.colcon_core.verb:set package 'trafficsim' build argument 'catkin_skip_building_tests' from command line to 'False'
[0.859s] DEBUG:colcon.colcon_core.verb:Building package 'trafficsim' with the following arguments: {'ament_cmake_args': None, 'build_base': '/home/rjleslie/pyrobosim_ws/src/trafficsim/build/trafficsim', 'catkin_cmake_args': None, 'catkin_skip_building_tests': False, 'cmake_args': None, 'cmake_clean_cache': False, 'cmake_clean_first': False, 'cmake_force_configure': False, 'cmake_target': None, 'cmake_target_skip_unavailable': False, 'install_base': '/home/rjleslie/pyrobosim_ws/src/trafficsim/install/trafficsim', 'merge_install': False, 'path': '/home/rjleslie/pyrobosim_ws/src/trafficsim', 'symlink_install': False, 'test_result_base': None}
[0.859s] INFO:colcon.colcon_core.executor:Executing jobs using 'parallel' executor
[0.860s] DEBUG:colcon.colcon_parallel_executor.executor.parallel:run_until_complete
[0.861s] INFO:colcon.colcon_ros.task.ament_python.build:Building ROS package in '/home/rjleslie/pyrobosim_ws/src/trafficsim' with build type 'ament_python'
[0.861s] Level 1:colcon.colcon_core.shell:create_environment_hook('trafficsim', 'ament_prefix_path')
[0.868s] INFO:colcon.colcon_core.plugin_system:Skipping extension 'colcon_core.shell.bat': Not used on non-Windows systems
[0.868s] INFO:colcon.colcon_core.shell:Creating environment hook '/home/rjleslie/pyrobosim_ws/src/trafficsim/install/trafficsim/share/trafficsim/hook/ament_prefix_path.ps1'
[0.870s] INFO:colcon.colcon_core.shell:Creating environment descriptor '/home/rjleslie/pyrobosim_ws/src/trafficsim/install/trafficsim/share/trafficsim/hook/ament_prefix_path.dsv'
[0.871s] INFO:colcon.colcon_core.shell:Creating environment hook '/home/rjleslie/pyrobosim_ws/src/trafficsim/install/trafficsim/share/trafficsim/hook/ament_prefix_path.sh'
[0.872s] INFO:colcon.colcon_core.shell:Skip shell extension 'powershell' for command environment: Not usable outside of PowerShell
[0.872s] DEBUG:colcon.colcon_core.shell:Skip shell extension 'dsv' for command environment
[1.201s] INFO:colcon.colcon_core.task.python.build:Building Python package in '/home/rjleslie/pyrobosim_ws/src/trafficsim'
[1.201s] INFO:colcon.colcon_core.shell:Skip shell extension 'powershell' for command environment: Not usable outside of PowerShell
[1.201s] DEBUG:colcon.colcon_core.shell:Skip shell extension 'dsv' for command environment
[2.577s] DEBUG:colcon.colcon_core.event_handler.log_command:Invoking command in '/home/rjleslie/pyrobosim_ws/src/trafficsim': PYTHONPATH=/home/rjleslie/pyrobosim_ws/src/trafficsim/build/trafficsim/prefix_override:/usr/lib/python3/dist-packages/colcon_core/task/python/colcon_distutils_commands:/home/rjleslie/pyrobosim_ws/src/trafficsim/install/trafficsim/lib/python3.12/site-packages:${PYTHONPATH} /usr/bin/python3 -W ignore:setup.py install is deprecated setup.py egg_info --egg-base build/trafficsim build --build-base /home/rjleslie/pyrobosim_ws/src/trafficsim/build/trafficsim/build install --record /home/rjleslie/pyrobosim_ws/src/trafficsim/build/trafficsim/install.log --single-version-externally-managed install_data
[3.207s] DEBUG:colcon.colcon_core.event_handler.log_command:Invoked command in '/home/rjleslie/pyrobosim_ws/src/trafficsim' returned '0': PYTHONPATH=/home/rjleslie/pyrobosim_ws/src/trafficsim/build/trafficsim/prefix_override:/usr/lib/python3/dist-packages/colcon_core/task/python/colcon_distutils_commands:/home/rjleslie/pyrobosim_ws/src/trafficsim/install/trafficsim/lib/python3.12/site-packages:${PYTHONPATH} /usr/bin/python3 -W ignore:setup.py install is deprecated setup.py egg_info --egg-base build/trafficsim build --build-base /home/rjleslie/pyrobosim_ws/src/trafficsim/build/trafficsim/build install --record /home/rjleslie/pyrobosim_ws/src/trafficsim/build/trafficsim/install.log --single-version-externally-managed install_data
[3.217s] Level 1:colcon.colcon_core.environment:checking '/home/rjleslie/pyrobosim_ws/src/trafficsim/install/trafficsim' for CMake module files
[3.218s] Level 1:colcon.colcon_core.environment:checking '/home/rjleslie/pyrobosim_ws/src/trafficsim/install/trafficsim' for CMake config files
[3.225s] Level 1:colcon.colcon_core.environment:checking '/home/rjleslie/pyrobosim_ws/src/trafficsim/install/trafficsim/lib'
[3.225s] Level 1:colcon.colcon_core.environment:checking '/home/rjleslie/pyrobosim_ws/src/trafficsim/install/trafficsim/bin'
[3.225s] Level 1:colcon.colcon_core.environment:checking '/home/rjleslie/pyrobosim_ws/src/trafficsim/install/trafficsim/lib/pkgconfig/trafficsim.pc'
[3.225s] Level 1:colcon.colcon_core.environment:checking '/home/rjleslie/pyrobosim_ws/src/trafficsim/install/trafficsim/lib/python3.12/site-packages'
[3.225s] Level 1:colcon.colcon_core.shell:create_environment_hook('trafficsim', 'pythonpath')
[3.226s] INFO:colcon.colcon_core.shell:Creating environment hook '/home/rjleslie/pyrobosim_ws/src/trafficsim/install/trafficsim/share/trafficsim/hook/pythonpath.ps1'
[3.226s] INFO:colcon.colcon_core.shell:Creating environment descriptor '/home/rjleslie/pyrobosim_ws/src/trafficsim/install/trafficsim/share/trafficsim/hook/pythonpath.dsv'
[3.227s] INFO:colcon.colcon_core.shell:Creating environment hook '/home/rjleslie/pyrobosim_ws/src/trafficsim/install/trafficsim/share/trafficsim/hook/pythonpath.sh'
[3.227s] Level 1:colcon.colcon_core.environment:checking '/home/rjleslie/pyrobosim_ws/src/trafficsim/install/trafficsim/bin'
[3.227s] Level 1:colcon.colcon_core.environment:create_environment_scripts_only(trafficsim)
[3.228s] INFO:colcon.colcon_core.shell:Creating package script '/home/rjleslie/pyrobosim_ws/src/trafficsim/install/trafficsim/share/trafficsim/package.ps1'
[3.229s] INFO:colcon.colcon_core.shell:Creating package descriptor '/home/rjleslie/pyrobosim_ws/src/trafficsim/install/trafficsim/share/trafficsim/package.dsv'
[3.231s] INFO:colcon.colcon_core.shell:Creating package script '/home/rjleslie/pyrobosim_ws/src/trafficsim/install/trafficsim/share/trafficsim/package.sh'
[3.232s] INFO:colcon.colcon_core.shell:Creating package script '/home/rjleslie/pyrobosim_ws/src/trafficsim/install/trafficsim/share/trafficsim/package.bash'
[3.233s] INFO:colcon.colcon_core.shell:Creating package script '/home/rjleslie/pyrobosim_ws/src/trafficsim/install/trafficsim/share/trafficsim/package.zsh'
[3.235s] Level 1:colcon.colcon_core.environment:create_file_with_runtime_dependencies(/home/rjleslie/pyrobosim_ws/src/trafficsim/install/trafficsim/share/colcon-core/packages/trafficsim)
[3.235s] DEBUG:colcon.colcon_parallel_executor.executor.parallel:closing loop
[3.235s] DEBUG:colcon.colcon_parallel_executor.executor.parallel:loop closed
[3.236s] DEBUG:colcon.colcon_parallel_executor.executor.parallel:run_until_complete finished with '0'
[3.236s] DEBUG:colcon.colcon_core.event_reactor:joining thread
[3.368s] INFO:colcon.colcon_core.plugin_system:Skipping extension 'colcon_notification.desktop_notification.notify_send': Could not find 'notify-send'
[3.368s] INFO:colcon.colcon_core.plugin_system:Skipping extension 'colcon_notification.desktop_notification.terminal_notifier': Not used on non-Darwin systems
[3.368s] INFO:colcon.colcon_core.plugin_system:Skipping extension 'colcon_notification.desktop_notification.win32': Not used on non-Windows systems
[3.368s] INFO:colcon.colcon_notification.desktop_notification:Sending desktop notification using 'notify2'
[3.373s] DEBUG:colcon.colcon_notification.desktop_notification.notify2:Failed to initialize notify2: org.freedesktop.DBus.Error.ServiceUnknown: The name org.freedesktop.Notifications was not provided by any .service files
[3.373s] DEBUG:colcon.colcon_core.event_reactor:joined thread
[3.373s] INFO:colcon.colcon_core.shell:Creating prefix script '/home/rjleslie/pyrobosim_ws/src/trafficsim/install/local_setup.ps1'
[3.376s] INFO:colcon.colcon_core.shell:Creating prefix util module '/home/rjleslie/pyrobosim_ws/src/trafficsim/install/_local_setup_util_ps1.py'
[3.380s] INFO:colcon.colcon_core.shell:Creating prefix chain script '/home/rjleslie/pyrobosim_ws/src/trafficsim/install/setup.ps1'
[3.383s] INFO:colcon.colcon_core.shell:Creating prefix script '/home/rjleslie/pyrobosim_ws/src/trafficsim/install/local_setup.sh'
[3.385s] INFO:colcon.colcon_core.shell:Creating prefix util module '/home/rjleslie/pyrobosim_ws/src/trafficsim/install/_local_setup_util_sh.py'
[3.386s] INFO:colcon.colcon_core.shell:Creating prefix chain script '/home/rjleslie/pyrobosim_ws/src/trafficsim/install/setup.sh'
[3.389s] INFO:colcon.colcon_core.shell:Creating prefix script '/home/rjleslie/pyrobosim_ws/src/trafficsim/install/local_setup.bash'
[3.390s] INFO:colcon.colcon_core.shell:Creating prefix chain script '/home/rjleslie/pyrobosim_ws/src/trafficsim/install/setup.bash'
[3.393s] INFO:colcon.colcon_core.shell:Creating prefix script '/home/rjleslie/pyrobosim_ws/src/trafficsim/install/local_setup.zsh'
[3.395s] INFO:colcon.colcon_core.shell:Creating prefix chain script '/home/rjleslie/pyrobosim_ws/src/trafficsim/install/setup.zsh'
