[1.650s] Invoking command in '/home/rjleslie/pyrobosim_ws/src/trafficsim': PYTHONPATH=/home/rjleslie/pyrobosim_ws/src/trafficsim/build/trafficsim/prefix_override:/usr/lib/python3/dist-packages/colcon_core/task/python/colcon_distutils_commands:/home/rjleslie/pyrobosim_ws/src/trafficsim/install/trafficsim/lib/python3.12/site-packages:${PYTHONPATH} /usr/bin/python3 -W ignore:setup.py install is deprecated setup.py egg_info --egg-base build/trafficsim build --build-base /home/rjleslie/pyrobosim_ws/src/trafficsim/build/trafficsim/build install --record /home/rjleslie/pyrobosim_ws/src/trafficsim/build/trafficsim/install.log --single-version-externally-managed install_data
[2.012s] running egg_info
[2.033s] writing build/trafficsim/trafficsim.egg-info/PKG-INFO
[2.034s] writing dependency_links to build/trafficsim/trafficsim.egg-info/dependency_links.txt
[2.035s] writing entry points to build/trafficsim/trafficsim.egg-info/entry_points.txt
[2.035s] writing requirements to build/trafficsim/trafficsim.egg-info/requires.txt
[2.035s] writing top-level names to build/trafficsim/trafficsim.egg-info/top_level.txt
[2.075s] reading manifest file 'build/trafficsim/trafficsim.egg-info/SOURCES.txt'
[2.076s] adding license file 'LICENSE'
[2.078s] writing manifest file 'build/trafficsim/trafficsim.egg-info/SOURCES.txt'
[2.078s] running build
[2.078s] running build_py
[2.078s] copying trafficsim/prs_worldinit.py -> /home/rjleslie/pyrobosim_ws/src/trafficsim/build/trafficsim/build/lib/trafficsim
[2.080s] running install
[2.090s] running install_lib
[2.111s] copying /home/rjleslie/pyrobosim_ws/src/trafficsim/build/trafficsim/build/lib/trafficsim/prs_worldinit.py -> /home/rjleslie/pyrobosim_ws/src/trafficsim/install/trafficsim/lib/python3.12/site-packages/trafficsim
[2.112s] byte-compiling /home/rjleslie/pyrobosim_ws/src/trafficsim/install/trafficsim/lib/python3.12/site-packages/trafficsim/prs_worldinit.py to prs_worldinit.cpython-312.pyc
[2.113s] running install_data
[2.113s] running install_egg_info
[2.135s] removing '/home/rjleslie/pyrobosim_ws/src/trafficsim/install/trafficsim/lib/python3.12/site-packages/trafficsim-0.0.0-py3.12.egg-info' (and everything under it)
[2.135s] Copying build/trafficsim/trafficsim.egg-info to /home/rjleslie/pyrobosim_ws/src/trafficsim/install/trafficsim/lib/python3.12/site-packages/trafficsim-0.0.0-py3.12.egg-info
[2.137s] running install_scripts
[2.358s] Installing traffic script to /home/rjleslie/pyrobosim_ws/src/trafficsim/install/trafficsim/lib/trafficsim
[2.359s] writing list of installed files to '/home/rjleslie/pyrobosim_ws/src/trafficsim/build/trafficsim/install.log'
[2.420s] Invoked command in '/home/rjleslie/pyrobosim_ws/src/trafficsim' returned '0': PYTHONPATH=/home/rjleslie/pyrobosim_ws/src/trafficsim/build/trafficsim/prefix_override:/usr/lib/python3/dist-packages/colcon_core/task/python/colcon_distutils_commands:/home/rjleslie/pyrobosim_ws/src/trafficsim/install/trafficsim/lib/python3.12/site-packages:${PYTHONPATH} /usr/bin/python3 -W ignore:setup.py install is deprecated setup.py egg_info --egg-base build/trafficsim build --build-base /home/rjleslie/pyrobosim_ws/src/trafficsim/build/trafficsim/build install --record /home/rjleslie/pyrobosim_ws/src/trafficsim/build/trafficsim/install.log --single-version-externally-managed install_data
